app/build/intermediates/manifest_merge_blame_file/debug/manifest-merger-blame-debug-report.txt
1<?xml version="1.0" encoding="utf-8"?>
2<manifest xmlns:android="http://schemas.android.com/apk/res/android"
3    package="com.xayup.multipad"
4    platformBuildVersionName="@string/app_version"
5    android:versionCode="2112122022"
6    android:versionName="2.1" >
7
8    <uses-sdk
9        android:minSdkVersion="21"
9-->src/main/AndroidManifest.xml
10        android:targetSdkVersion="32" />
10-->src/main/AndroidManifest.xml
11
12    <uses-feature
12-->src/main/AndroidManifest.xml:5:2-83
13        android:name="android.hardware.usb.host"
13-->src/main/AndroidManifest.xml:5:16-56
14        android:required="false" />
14-->src/main/AndroidManifest.xml:5:57-81
15
16    <uses-permission android:name="android.permission.WRITE_EXTERNAL_STORAGE" />
16-->src/main/AndroidManifest.xml:6:5-81
16-->src/main/AndroidManifest.xml:6:22-78
17    <uses-permission android:name="android.permission.READ_EXTERNAL_STORAGE" />
17-->src/main/AndroidManifest.xml:7:5-80
17-->src/main/AndroidManifest.xml:7:22-77
18    <uses-permission android:name="android.permission.MANAGE_EXTERNAL_STORAGE" />
18-->src/main/AndroidManifest.xml:8:5-82
18-->src/main/AndroidManifest.xml:8:22-79
19
20    <queries>
20-->src/main/AndroidManifest.xml:10:5-14:15
21        <intent>
21-->src/main/AndroidManifest.xml:11:9-13:18
22            <action android:name="android.intent.action.MAIN" />
22-->src/main/AndroidManifest.xml:12:13-65
22-->src/main/AndroidManifest.xml:12:21-62
23        </intent>
24    </queries>
25
26    <uses-permission android:name="android.permission.ACCESS_NETWORK_STATE" />
26-->[com.google.android.exoplayer:exoplayer-core:2.18.0] AndroidManifest.xml:24:5-79
26-->[com.google.android.exoplayer:exoplayer-core:2.18.0] AndroidManifest.xml:24:22-76
27
28    <application
28-->src/main/AndroidManifest.xml:16:5-62:19
29        android:allowBackup="true"
29-->src/main/AndroidManifest.xml:18:9-35
30        android:appComponentFactory="androidx.core.app.CoreComponentFactory"
30-->[androidx.core:core:1.7.0] AndroidManifest.xml:24:18-86
31        android:debuggable="true"
31-->src/main/AndroidManifest.xml:17:9-34
32        android:icon="@drawable/ic_launcher"
32-->src/main/AndroidManifest.xml:19:9-45
33        android:label="@string/app_name"
33-->src/main/AndroidManifest.xml:20:9-41
34        android:requestLegacyExternalStorage="true"
34-->src/main/AndroidManifest.xml:21:9-52
35        android:resizeableActivity="true"
35-->src/main/AndroidManifest.xml:22:9-42
36        android:theme="@style/FullScreenApp" >
36-->src/main/AndroidManifest.xml:23:9-45
37        <activity
37-->src/main/AndroidManifest.xml:24:9-36:20
38            android:name="com.xayup.multipad.MainActivity"
38-->src/main/AndroidManifest.xml:25:13-59
39            android:configChanges="touchscreen|keyboard|keyboardHidden|navigation|    screenLayout|fontScale|uiMode|orientation|density|screenSize|smallestScreenSize"
39-->src/main/AndroidManifest.xml:26:13-167
40            android:exported="true"
40-->src/main/AndroidManifest.xml:30:13-36
41            android:label="@string/app_name"
41-->src/main/AndroidManifest.xml:27:13-45
42            android:screenOrientation="sensorLandscape"
42-->src/main/AndroidManifest.xml:28:13-56
43            android:theme="@style/FullScreenApp" >
43-->src/main/AndroidManifest.xml:29:13-49
44            <intent-filter>
44-->src/main/AndroidManifest.xml:31:13-35:29
45                <action android:name="android.intent.action.MAIN" />
45-->src/main/AndroidManifest.xml:12:13-65
45-->src/main/AndroidManifest.xml:12:21-62
46
47                <category android:name="android.intent.category.LAUNCHER" />
47-->src/main/AndroidManifest.xml:34:17-77
47-->src/main/AndroidManifest.xml:34:27-74
48            </intent-filter>
49        </activity>
50        <activity
50-->src/main/AndroidManifest.xml:37:9-43:20
51            android:name="com.xayup.multipad.playPads"
51-->src/main/AndroidManifest.xml:38:13-55
52            android:configChanges="touchscreen|keyboard|keyboardHidden|navigation|    screenLayout|fontScale|uiMode|orientation|density|screenSize|smallestScreenSize"
52-->src/main/AndroidManifest.xml:39:13-167
53            android:label="play"
53-->src/main/AndroidManifest.xml:40:13-33
54            android:screenOrientation="sensorLandscape"
54-->src/main/AndroidManifest.xml:41:13-56
55            android:theme="@style/FullScreenApp" >
55-->src/main/AndroidManifest.xml:42:13-49
56        </activity>
57        <activity
57-->src/main/AndroidManifest.xml:44:9-50:20
58            android:name="com.xayup.multipad.crashApp"
58-->src/main/AndroidManifest.xml:45:13-55
59            android:configChanges="touchscreen|keyboard|keyboardHidden|navigation|   screenLayout|fontScale|uiMode|orientation|density|screenSize|smallestScreenSize"
59-->src/main/AndroidManifest.xml:46:13-166
60            android:label="crash"
60-->src/main/AndroidManifest.xml:47:13-34
61            android:screenOrientation="sensorLandscape"
61-->src/main/AndroidManifest.xml:48:13-56
62            android:theme="@style/FullScreenApp" >
62-->src/main/AndroidManifest.xml:49:13-49
63        </activity>
64        <activity
64-->src/main/AndroidManifest.xml:51:3-61:14
65            android:name="com.xayup.multipad.UsbDeviceActivity"
65-->src/main/AndroidManifest.xml:52:4-55
66            android:exported="true"
66-->src/main/AndroidManifest.xml:55:13-36
67            android:screenOrientation="sensorLandscape"
67-->src/main/AndroidManifest.xml:53:4-47
68            android:theme="@style/FullScreenApp" >
68-->src/main/AndroidManifest.xml:54:4-40
69            <intent-filter>
69-->src/main/AndroidManifest.xml:56:4-58:20
70                <action android:name="android.hardware.usb.action.USB_DEVICE_ATTACHED" />
70-->src/main/AndroidManifest.xml:57:5-77
70-->src/main/AndroidManifest.xml:57:13-75
71            </intent-filter>
72
73            <meta-data
73-->src/main/AndroidManifest.xml:59:4-118
74                android:name="android.hardware.usb.action.USB_DEVICE_ATTACHED"
74-->src/main/AndroidManifest.xml:59:15-77
75                android:resource="@xml/device_filter" />
75-->src/main/AndroidManifest.xml:59:78-115
76        </activity>
77    </application>
78
79</manifest>